1587449628147	mozrunner::runner	INFO	Running command: "C:\\Program Files\\Mozilla Firefox\\firefox.exe" "-marionette" "-foreground" "-no-remote" "-profile" "C:\\Users\\RAYYAN~1\\AppData\\Local\\Temp\\rust_mozprofileU2C3Sk"
1587449630144	addons.webextension.doh-rollout@mozilla.org	WARN	Loading extension 'doh-rollout@mozilla.org': Reading manifest: Invalid extension permission: networkStatus
1587449630779	addons.webextension.screenshots@mozilla.org	WARN	Loading extension 'screenshots@mozilla.org': Reading manifest: Invalid extension permission: mozillaAddons
1587449630779	addons.webextension.screenshots@mozilla.org	WARN	Loading extension 'screenshots@mozilla.org': Reading manifest: Invalid extension permission: telemetry
1587449630779	addons.webextension.screenshots@mozilla.org	WARN	Loading extension 'screenshots@mozilla.org': Reading manifest: Invalid extension permission: resource://pdf.js/
1587449630779	addons.webextension.screenshots@mozilla.org	WARN	Loading extension 'screenshots@mozilla.org': Reading manifest: Invalid extension permission: about:reader*
JavaScript error: resource://gre/modules/XULStore.jsm, line 66: Error: Can't find profile directory.
1587449634688	Marionette	INFO	Listening on port 59300
1587449634972	Marionette	WARN	TLS certificate errors will be ignored for this session
JavaScript error: https://thepiratebayproxylist.se/, line 124: ReferenceError: tz_ipaddress is not defined
JavaScript error: https://thepiratebayproxylist.se/, line 137: ReferenceError: tz_country is not defined
JavaScript error: https://thepiratebayproxylist.se/, line 137: ReferenceError: tz_ipaddress is not defined
JavaScript error: https://thepiratebayproxylist.se/, line 139: ReferenceError: tz_isp is not defined
JavaScript error: , line 0: uncaught exception: undefined
JavaScript error: https://piratebayproxy.top/, line 514: TypeError: deadlineValue is null
JavaScript error: https://piratebayproxy.top/, line 579: TypeError: close is null
JavaScript error: https://piratebayproxy.top/, line 576: TypeError: stikyBlock is null
1587449644443	Marionette	INFO	Stopped listening on port 59300

###!!! [Child][RunMessage] Error: Channel closing: too late to send/recv, messages will be lost


###!!! [Child][MessageChannel::SendAndWait] Error: Channel error: cannot send/recv

1587541768393	mozrunner::runner	INFO	Running command: "C:\\Program Files\\Mozilla Firefox\\firefox.exe" "-marionette" "-foreground" "-no-remote" "-profile" "C:\\Users\\RAYYAN~1\\AppData\\Local\\Temp\\rust_mozprofile3tXuty"
1587541770257	addons.webextension.doh-rollout@mozilla.org	WARN	Loading extension 'doh-rollout@mozilla.org': Reading manifest: Invalid extension permission: networkStatus
1587541770814	addons.webextension.screenshots@mozilla.org	WARN	Loading extension 'screenshots@mozilla.org': Reading manifest: Invalid extension permission: mozillaAddons
1587541770814	addons.webextension.screenshots@mozilla.org	WARN	Loading extension 'screenshots@mozilla.org': Reading manifest: Invalid extension permission: telemetry
1587541770814	addons.webextension.screenshots@mozilla.org	WARN	Loading extension 'screenshots@mozilla.org': Reading manifest: Invalid extension permission: resource://pdf.js/
1587541770814	addons.webextension.screenshots@mozilla.org	WARN	Loading extension 'screenshots@mozilla.org': Reading manifest: Invalid extension permission: about:reader*
JavaScript error: resource://gre/modules/XULStore.jsm, line 66: Error: Can't find profile directory.
1587541774484	Marionette	INFO	Listening on port 55493
1587541774624	Marionette	WARN	TLS certificate errors will be ignored for this session
JavaScript error: https://thepiratebayproxylist.se/, line 124: ReferenceError: tz_ipaddress is not defined
JavaScript error: https://thepiratebayproxylist.se/, line 137: ReferenceError: tz_country is not defined
JavaScript error: https://thepiratebayproxylist.se/, line 137: ReferenceError: tz_ipaddress is not defined
JavaScript error: https://thepiratebayproxylist.se/, line 139: ReferenceError: tz_isp is not defined
JavaScript error: , line 0: uncaught exception: undefined
JavaScript error: https://piratebayproxy.top/, line 514: TypeError: deadlineValue is null
JavaScript error: https://piratebayproxy.top/, line 579: TypeError: close is null
JavaScript error: https://piratebayproxy.top/, line 576: TypeError: stikyBlock is null
JavaScript error: resource://gre/actors/AutoCompleteChild.jsm, line 196: Error: Invalid autocomplete selectedIndex
JavaScript error: https://piratebayproxy.top/search.php?q=power+iso&all=on&search=Pirate+Search&page=0&orderby=, line 35: ReferenceError: print_search is not defined
JavaScript error: https://piratebayproxy.top/statictpb/main.js, line 20: SyntaxError: JSON.parse: unexpected character at line 1 column 1 of the JSON data
JavaScript error: https://piratebayproxy.top/search.php?q=power+iso&all=on&search=Pirate+Search&page=0&orderby=, line 56: ReferenceError: print_header1 is not defined
JavaScript error: https://piratebayproxy.top/search.php?q=power+iso&all=on&search=Pirate+Search&page=0&orderby=, line 67: ReferenceError: print_header2 is not defined
JavaScript error: https://piratebayproxy.top/search.php?q=power+iso&all=on&search=Pirate+Search&page=0&orderby=, line 627: TypeError: clock is null
JavaScript error: https://piratebayproxy.top/search.php?q=power+iso&all=on&search=Pirate+Search&page=0&orderby=, line 667: TypeError: close is null
JavaScript error: https://piratebayproxy.top/search.php?q=power+iso&all=on&search=Pirate+Search&page=0&orderby=, line 664: TypeError: stikyBlock is null
JavaScript error: https://piratebayproxy.top/search.php?q=poweriso&cat=0, line 35: ReferenceError: print_search is not defined
JavaScript error: https://piratebayproxy.top/statictpb/main.js, line 20: SyntaxError: JSON.parse: unexpected character at line 1 column 1 of the JSON data
JavaScript error: https://piratebayproxy.top/search.php?q=poweriso&cat=0, line 56: ReferenceError: print_header1 is not defined
JavaScript error: https://piratebayproxy.top/search.php?q=poweriso&cat=0, line 67: ReferenceError: print_header2 is not defined
JavaScript error: https://piratebayproxy.top/search.php?q=poweriso&cat=0, line 627: TypeError: clock is null
JavaScript error: https://piratebayproxy.top/search.php?q=poweriso&cat=0, line 667: TypeError: close is null
JavaScript error: https://piratebayproxy.top/search.php?q=poweriso&cat=0, line 664: TypeError: stikyBlock is null
1587541839624	Marionette	INFO	Stopped listening on port 55493

###!!! [Child][RunMessage] Error: Channel closing: too late to send/recv, messages will be lost


###!!! [Child][MessageChannel::SendAndWait] Error: Channel error: cannot send/recv

